<?xml version="1.0" encoding="UTF-8"?>
<!-- Generated by org.testng.reporters.JUnitReportReporter -->
<testsuite skipped="0" hostname="BRTL059" name="com.test.grid.ParallelExecutionTwo" tests="1" failures="0" timestamp="2020-05-14T05:01:02 PDT" time="7.605" errors="0">
  <testcase name="testGooglePageTitleInChrome" time="7.605" classname="com.test.grid.ParallelExecutionTwo"/>
  <system-out/>
</testsuite> <!-- com.test.grid.ParallelExecutionTwo -->
