<?xml version="1.0" encoding="UTF-8"?>
<!-- Generated by org.testng.reporters.JUnitReportReporter -->
<testsuite skipped="0" hostname="BRTL059" name="com.test.grid.ParallelExecutionOne" tests="1" failures="0" timestamp="2020-05-14T05:01:02 PDT" time="14.534" errors="0">
  <testcase name="testGooglePageTitleInFirefox" time="14.534" classname="com.test.grid.ParallelExecutionOne"/>
  <system-out/>
</testsuite> <!-- com.test.grid.ParallelExecutionOne -->
